<?xml version="1.0" encoding="UTF-8"?>
<!-- Generated by org.testng.reporters.JUnitXMLReporter -->
<testsuite ignored="0" hostname="lap1154" failures="0" tests="7" name="United India Assurance" time="0.297" errors="0" timestamp="2023-03-06T11:05:32 IST">
  <testcase classname="pack1.VehicleInsuranceTest" name="four_wheeler" time="0.014"/>
  <testcase classname="pack1.VehicleInsuranceTest" name="three_wheeler" time="0.003"/>
  <testcase classname="pack1.VehicleInsuranceTest" name="two_wheeler" time="0.007"/>
  <testcase classname="pack1.LifeInsuranceTest" name="LifeMobileInsuranceWebLogin" time="0.002"/>
  <testcase classname="pack1.LifeInsuranceTest" name="LifeMobileInsuranceWebLogout" time="0.011"/>
  <testcase classname="pack1.LifeInsuranceTest" name="LifeInsuranceWebLogout" time="0.002"/>
  <testcase classname="pack1.LifeInsuranceTest" name="LifeInsuranceWebLogin" time="0.009"/>
</testsuite> <!-- United India Assurance -->
