<?xml version="1.0" encoding="UTF-8"?>
<!-- Generated by org.testng.reporters.JUnitXMLReporter -->
<testsuite ignored="4" hostname="lap1154" failures="0" tests="0" time="0.021" errors="0" timestamp="2023-03-07T02:55:09 IST">
  <testcase classname="Testcases.ActionClassInSelenium" name="draganddrop" time="0.0">
    <ignored/>
  </testcase> <!-- draganddrop -->
  <testcase classname="Testcases.ActionClassInSelenium" name="mousehover" time="0.0">
    <ignored/>
  </testcase> <!-- mousehover -->
  <testcase classname="Testcases.ActionClassInSelenium" name="mousedoubleclick" time="0.0">
    <ignored/>
  </testcase> <!-- mousedoubleclick -->
  <testcase classname="Testcases.ActionClassInSelenium" name="mouseclick" time="0.0">
    <ignored/>
  </testcase> <!-- mouseclick -->
</testsuite>
