<?xml version="1.0" encoding="UTF-8"?>
<testng-results ignored="0" total="3" passed="3" failed="0" skipped="0">
  <reporter-output>
  </reporter-output>
  <suite started-at="2023-03-09T04:33:52 IST" name="Default suite" finished-at="2023-03-09T04:34:18 IST" duration-ms="26485">
    <groups>
      <group name="smoke">
        <method signature="VerifyAddProductTest.user_add_product()[pri:1, instance:com.TestCases.VerifyAddProductTest@1623b78d]" name="user_add_product" class="com.TestCases.VerifyAddProductTest"/>
      </group> <!-- smoke -->
    </groups>
    <test started-at="2023-03-09T04:33:52 IST" name="Default test" finished-at="2023-03-09T04:34:18 IST" duration-ms="26485">
      <class name="com.TestCases.VerifyAddProductTest">
        <test-method is-config="true" signature="loadingfiles()[pri:0, instance:com.TestCases.VerifyAddProductTest@1623b78d]" started-at="2023-03-09T04:33:52 IST" name="loadingfiles" finished-at="2023-03-09T04:33:52 IST" duration-ms="183" status="PASS">
          <reporter-output>
          </reporter-output>
        </test-method> <!-- loadingfiles -->
        <test-method is-config="true" signature="loadConfig()[pri:0, instance:com.TestCases.VerifyAddProductTest@1623b78d]" started-at="2023-03-09T04:33:52 IST" name="loadConfig" finished-at="2023-03-09T04:33:52 IST" duration-ms="1" status="PASS">
          <reporter-output>
          </reporter-output>
        </test-method> <!-- loadConfig -->
        <test-method is-config="true" signature="launch()[pri:0, instance:com.TestCases.VerifyAddProductTest@1623b78d]" started-at="2023-03-09T04:33:52 IST" name="launch" finished-at="2023-03-09T04:34:00 IST" depends-on-methods="com.Base.BaseClass.BaseClass.loadConfig" duration-ms="8443" status="PASS">
          <reporter-output>
          </reporter-output>
        </test-method> <!-- launch -->
        <test-method signature="file_download()[pri:0, instance:com.TestCases.VerifyAddProductTest@1623b78d]" started-at="2023-03-09T04:34:00 IST" name="file_download" finished-at="2023-03-09T04:34:01 IST" duration-ms="758" status="PASS">
          <reporter-output>
          </reporter-output>
        </test-method> <!-- file_download -->
        <test-method signature="file_upload()[pri:0, instance:com.TestCases.VerifyAddProductTest@1623b78d]" started-at="2023-03-09T04:34:01 IST" name="file_upload" finished-at="2023-03-09T04:34:04 IST" duration-ms="2451" status="PASS">
          <reporter-output>
          </reporter-output>
        </test-method> <!-- file_upload -->
        <test-method is-config="true" signature="before_it()[pri:0, instance:com.TestCases.VerifyAddProductTest@1623b78d]" started-at="2023-03-09T04:34:04 IST" name="before_it" finished-at="2023-03-09T04:34:04 IST" duration-ms="1" status="PASS">
          <reporter-output>
          </reporter-output>
        </test-method> <!-- before_it -->
        <test-method signature="user_add_product()[pri:1, instance:com.TestCases.VerifyAddProductTest@1623b78d]" started-at="2023-03-09T04:34:04 IST" name="user_add_product" finished-at="2023-03-09T04:34:18 IST" duration-ms="14608" status="PASS">
          <reporter-output>
          </reporter-output>
        </test-method> <!-- user_add_product -->
        <test-method is-config="true" signature="after_it()[pri:0, instance:com.TestCases.VerifyAddProductTest@1623b78d]" started-at="2023-03-09T04:34:18 IST" name="after_it" finished-at="2023-03-09T04:34:18 IST" duration-ms="1" status="PASS">
          <reporter-output>
          </reporter-output>
        </test-method> <!-- after_it -->
        <test-method is-config="true" signature="close()[pri:0, instance:com.TestCases.VerifyAddProductTest@1623b78d]" started-at="2023-03-09T04:34:18 IST" name="close" finished-at="2023-03-09T04:34:18 IST" duration-ms="169" status="PASS">
          <reporter-output>
          </reporter-output>
        </test-method> <!-- close -->
        <test-method is-config="true" signature="Teardown()[pri:0, instance:com.TestCases.VerifyAddProductTest@1623b78d]" started-at="2023-03-09T04:34:19 IST" name="Teardown" finished-at="2023-03-09T04:34:19 IST" duration-ms="3" status="PASS">
          <reporter-output>
          </reporter-output>
        </test-method> <!-- Teardown -->
      </class> <!-- com.TestCases.VerifyAddProductTest -->
    </test> <!-- Default test -->
  </suite> <!-- Default suite -->
</testng-results>
