<?xml version="1.0" encoding="UTF-8"?>
<!-- Generated by org.testng.reporters.JUnitXMLReporter -->
<testsuite ignored="0" hostname="lap1154" failures="0" tests="6" name="Default test" time="3.343" errors="0" timestamp="2023-02-07T21:06:11 IST">
  <testcase classname="Testcases.DynamicWebTable" name="findcolumnno" time="0.034"/>
  <testcase classname="Testcases.DynamicWebTable" name="findrowno" time="0.018"/>
  <testcase classname="Testcases.DynamicWebTable" name="firstcolumnelements" time="0.16"/>
  <testcase classname="Testcases.DynamicWebTable" name="firstrowelements" time="0.104"/>
  <testcase classname="Testcases.DynamicWebTable" name="findoneelement" time="0.024"/>
  <testcase classname="Testcases.DynamicWebTable" name="findallelement" time="0.231"/>
</testsuite> <!-- Default test -->
