<?xml version="1.0" encoding="UTF-8"?>
<!-- Generated by org.testng.reporters.JUnitXMLReporter -->
<testsuite ignored="3" hostname="lap1154" failures="0" tests="1" name="Default test" time="6.854" errors="0" timestamp="2023-02-19T19:26:12 IST">
  <testcase classname="Testcases.ActionClassInSelenium" name="draganddrop" time="3.678"/>
  <testcase classname="Testcases.ActionClassInSelenium" name="mouseclick" time="0.0">
    <ignored/>
  </testcase> <!-- mouseclick -->
  <testcase classname="Testcases.ActionClassInSelenium" name="mousehover" time="0.0">
    <ignored/>
  </testcase> <!-- mousehover -->
  <testcase classname="Testcases.ActionClassInSelenium" name="mousedoubleclick" time="0.0">
    <ignored/>
  </testcase> <!-- mousedoubleclick -->
</testsuite> <!-- Default test -->
