<?xml version="1.0" encoding="UTF-8"?>
<testng-results ignored="0" total="2" passed="2" failed="0" skipped="0">
  <reporter-output>
  </reporter-output>
  <suite started-at="2023-02-22T03:21:00 IST" name="Default suite" finished-at="2023-02-22T03:21:05 IST" duration-ms="5944">
    <groups>
    </groups>
    <test started-at="2023-02-22T03:21:00 IST" name="Default test" finished-at="2023-02-22T03:21:05 IST" duration-ms="5944">
      <class name="pomtestcase.LoginTest">
        <test-method signature="Login()[pri:1, instance:pomtestcase.LoginTest@4f6ee6e4]" started-at="2023-02-22T03:21:00 IST" name="Login" finished-at="2023-02-22T03:21:05 IST" duration-ms="5710" status="PASS">
          <reporter-output>
          </reporter-output>
        </test-method> <!-- Login -->
        <test-method signature="Home()[pri:2, instance:pomtestcase.LoginTest@4f6ee6e4]" started-at="2023-02-22T03:21:05 IST" name="Home" finished-at="2023-02-22T03:21:05 IST" duration-ms="159" status="PASS">
          <reporter-output>
          </reporter-output>
        </test-method> <!-- Home -->
      </class> <!-- pomtestcase.LoginTest -->
    </test> <!-- Default test -->
  </suite> <!-- Default suite -->
</testng-results>
