<?xml version="1.0" encoding="UTF-8"?>
<testng-results ignored="3" total="4" passed="1" failed="0" skipped="0">
  <reporter-output>
  </reporter-output>
  <suite started-at="2023-02-13T04:43:19 IST" name="Default suite" finished-at="2023-02-13T04:43:39 IST" duration-ms="19377">
    <groups>
    </groups>
    <test started-at="2023-02-13T04:43:19 IST" name="Default test" finished-at="2023-02-13T04:43:39 IST" duration-ms="19377">
      <class name="Testcases.ActionClassInSelenium">
        <test-method is-config="true" signature="IntialSetup()[pri:0, instance:Testcases.ActionClassInSelenium@7f0eb4b4]" started-at="2023-02-13T04:43:19 IST" name="IntialSetup" finished-at="2023-02-13T04:43:22 IST" duration-ms="2112" status="PASS">
          <reporter-output>
          </reporter-output>
        </test-method> <!-- IntialSetup -->
        <test-method signature="mousehover()[pri:0, instance:Testcases.ActionClassInSelenium@7f0eb4b4]" started-at="2023-02-13T04:43:22 IST" name="mousehover" finished-at="2023-02-13T04:43:39 IST" duration-ms="17218" status="PASS">
          <reporter-output>
          </reporter-output>
        </test-method> <!-- mousehover -->
        <test-method is-config="true" signature="browserclose()[pri:0, instance:Testcases.ActionClassInSelenium@7f0eb4b4]" started-at="2023-02-13T04:43:39 IST" name="browserclose" finished-at="2023-02-13T04:43:39 IST" duration-ms="1" status="PASS">
          <reporter-output>
          </reporter-output>
        </test-method> <!-- browserclose -->
      </class> <!-- Testcases.ActionClassInSelenium -->
    </test> <!-- Default test -->
  </suite> <!-- Default suite -->
</testng-results>
