<?xml version="1.0" encoding="UTF-8"?>
<testng-results ignored="0" total="4" passed="4" failed="0" skipped="0">
  <reporter-output>
  </reporter-output>
  <suite started-at="2023-03-07T03:04:08 IST" name="Suite" finished-at="2023-03-07T03:04:21 IST" duration-ms="13313">
    <groups>
    </groups>
    <test started-at="2023-03-07T03:04:08 IST" name="Test" finished-at="2023-03-07T03:04:21 IST" duration-ms="13313">
      <class name="Testcases.ActionClassInSelenium">
        <test-method is-config="true" signature="IntialSetup()[pri:0, instance:Testcases.ActionClassInSelenium@6adbc9d]" started-at="2023-03-07T03:04:08 IST" name="IntialSetup" finished-at="2023-03-07T03:04:10 IST" duration-ms="1881" status="PASS">
          <reporter-output>
          </reporter-output>
        </test-method> <!-- IntialSetup -->
        <test-method signature="draganddrop()[pri:0, instance:Testcases.ActionClassInSelenium@6adbc9d]" started-at="2023-03-07T03:04:10 IST" name="draganddrop" finished-at="2023-03-07T03:04:12 IST" duration-ms="2709" status="PASS">
          <reporter-output>
          </reporter-output>
        </test-method> <!-- draganddrop -->
        <test-method signature="mouseclick()[pri:0, instance:Testcases.ActionClassInSelenium@6adbc9d]" started-at="2023-03-07T03:04:12 IST" name="mouseclick" finished-at="2023-03-07T03:04:13 IST" duration-ms="642" status="PASS">
          <reporter-output>
          </reporter-output>
        </test-method> <!-- mouseclick -->
        <test-method signature="mousedoubleclick()[pri:0, instance:Testcases.ActionClassInSelenium@6adbc9d]" started-at="2023-03-07T03:04:13 IST" name="mousedoubleclick" finished-at="2023-03-07T03:04:14 IST" duration-ms="687" status="PASS">
          <reporter-output>
          </reporter-output>
        </test-method> <!-- mousedoubleclick -->
        <test-method signature="mousehover()[pri:0, instance:Testcases.ActionClassInSelenium@6adbc9d]" started-at="2023-03-07T03:04:14 IST" name="mousehover" finished-at="2023-03-07T03:04:21 IST" duration-ms="7086" status="PASS">
          <reporter-output>
          </reporter-output>
        </test-method> <!-- mousehover -->
        <test-method is-config="true" signature="browserclose()[pri:0, instance:Testcases.ActionClassInSelenium@6adbc9d]" started-at="2023-03-07T03:04:21 IST" name="browserclose" finished-at="2023-03-07T03:04:21 IST" duration-ms="247" status="PASS">
          <reporter-output>
          </reporter-output>
        </test-method> <!-- browserclose -->
      </class> <!-- Testcases.ActionClassInSelenium -->
    </test> <!-- Test -->
  </suite> <!-- Suite -->
</testng-results>
