<?xml version="1.0" encoding="UTF-8"?>
<!-- Generated by org.testng.reporters.JUnitXMLReporter -->
<testsuite ignored="0" hostname="lap1154" failures="0" tests="4" name="Default test" time="58.875" errors="0" timestamp="2023-03-15T02:27:51 IST">
  <testcase classname="com.TestCases.VerifyAddProductTest" name="verify_add_product" time="19.032"/>
  <testcase classname="com.TestCases.VerifyAddProductTest" name="verify_file_download" time="4.759"/>
  <testcase classname="com.TestCases.VerifyAddProductTest" name="verify_file_upload" time="6.848"/>
  <testcase classname="com.TestCases.VerifyAddProductTest" name="verify_print_menu" time="14.492"/>
</testsuite> <!-- Default test -->
