<?xml version="1.0" encoding="UTF-8"?>
<!-- Generated by org.testng.reporters.JUnitXMLReporter -->
<testsuite ignored="0" hostname="lap1154" failures="0" tests="4" name="Default test" time="52.385" errors="0" timestamp="2023-03-12T16:43:44 IST">
  <testcase classname="com.TestCases.VerifyAddProductTest" name="verify_add_product" time="10.394"/>
  <testcase classname="com.TestCases.VerifyAddProductTest" name="verify_file_download" time="0.784"/>
  <testcase classname="com.TestCases.VerifyAddProductTest" name="verify_file_upload" time="3.054"/>
  <testcase classname="com.TestCases.VerifyAddProductTest" name="verify_print_menu" time="9.957"/>
</testsuite> <!-- Default test -->
