<?xml version="1.0" encoding="UTF-8"?>
<!-- Generated by org.testng.reporters.JUnitXMLReporter -->
<testsuite ignored="2" hostname="lap1154" failures="0" tests="3" name="EdgeTest1" time="18.704" errors="0" timestamp="2023-03-21T02:41:59 IST">
  <testcase classname="com.TestCases.VerifyUserLoginTest" name="verify_valid_User_invalid_Password_login" time="1.448"/>
  <testcase classname="com.TestCases.VerifyUserLoginTest" name="verify_valid_User_invalid_Password_login" time="0.738"/>
  <testcase classname="com.TestCases.VerifyUserLoginTest" name="verify_valid_User_Login" time="2.026"/>
  <testcase classname="com.TestCases.VerifyUserLoginTest" name="verify_invalid_User_valid_password_login" time="0.0">
    <ignored/>
  </testcase> <!-- verify_invalid_User_valid_password_login -->
  <testcase classname="com.TestCases.VerifyUserLoginTest" name="verify_invalid_User_invalid_password_login" time="0.0">
    <ignored/>
  </testcase> <!-- verify_invalid_User_invalid_password_login -->
</testsuite> <!-- EdgeTest1 -->
