<?xml version="1.0" encoding="UTF-8"?>
<!-- Generated by org.testng.reporters.JUnitXMLReporter -->
<testsuite ignored="0" hostname="lap1154" failures="0" tests="5" name="EdgeTest1" time="27.718" errors="0" timestamp="2023-03-28T18:53:57 IST">
  <testcase classname="com.TestCases.VerifyUserLoginTest" name="verify_invalid_User_invalid_password_login" time="1.572"/>
  <testcase classname="com.TestCases.VerifyUserLoginTest" name="verify_invalid_User_valid_password_login" time="1.185"/>
  <testcase classname="com.TestCases.VerifyUserLoginTest" name="verify_valid_User_invalid_Password_login" time="0.409"/>
  <testcase classname="com.TestCases.VerifyUserLoginTest" name="verify_valid_User_invalid_Password_login" time="1.203"/>
  <testcase classname="com.TestCases.VerifyUserLoginTest" name="verify_valid_User_Login" time="2.068"/>
</testsuite> <!-- EdgeTest1 -->
