<?xml version="1.0" encoding="UTF-8"?>
<!-- Generated by org.testng.reporters.JUnitXMLReporter -->
<testsuite ignored="0" hostname="lap1154" failures="0" tests="4" name="EdgeTest2" time="38.472" errors="0" timestamp="2023-03-28T18:54:36 IST">
  <testcase classname="com.TestCases.VerifyHomepageTest" name="verify_logged_user_name" time="2.021"/>
  <testcase classname="com.TestCases.VerifyHomepageTest" name="verify_home_menu_elements" time="2.058"/>
  <testcase classname="com.TestCases.VerifyHomepageTest" name="verify_language_selection" time="15.432">
    <skipped/>
  </testcase> <!-- verify_language_selection -->
  <testcase classname="com.TestCases.VerifyHomepageTest" name="verify_language_selection" time="3.249"/>
</testsuite> <!-- EdgeTest2 -->
