<?xml version="1.0" encoding="UTF-8"?>
<!-- Generated by org.testng.reporters.JUnitXMLReporter -->
<testsuite ignored="12" hostname="lap1154" failures="0" tests="5" name="RegressionTest" time="51.527" errors="0" timestamp="2023-03-21T20:58:43 IST">
  <testcase classname="com.TestCases.VerifyHomepageTest" name="verify_home_menu_elements" time="4.977"/>
  <testcase classname="com.TestCases.VerifyHomepageTest" name="verify_language_selection" time="3.086"/>
  <testcase classname="com.TestCases.VerifyAddProductTest" name="verify_add_product" time="10.125"/>
  <testcase classname="com.TestCases.VerifyAddProductTest" name="verify_file_download" time="6.037"/>
  <testcase classname="com.TestCases.VerifyAddProductTest" name="verify_file_upload" time="7.879"/>
  <testcase classname="com.Base.BaseClass.BaseClass" name="@BeforeTest loadConfig" time="0.0">
    <ignored/>
  </testcase> <!-- @BeforeTest loadConfig -->
  <testcase classname="com.TestCases.VerifyUserLoginTest" name="verify_valid_User_Login" time="0.0">
    <ignored/>
  </testcase> <!-- verify_valid_User_Login -->
  <testcase classname="com.TestCases.VerifyHomepageTest" name="verify_logged_user_name" time="0.0">
    <ignored/>
  </testcase> <!-- verify_logged_user_name -->
  <testcase classname="com.Base.BaseClass.BaseClass" name="@BeforeTest loadConfig" time="0.0">
    <ignored/>
  </testcase> <!-- @BeforeTest loadConfig -->
  <testcase classname="com.Base.BaseClass.BaseClass" name="@BeforeSuite loadingfiles" time="0.0">
    <ignored/>
  </testcase> <!-- @BeforeSuite loadingfiles -->
  <testcase classname="com.TestCases.VerifyUserLoginTest" name="verify_valid_User_invalid_Password_login" time="0.0">
    <ignored/>
  </testcase> <!-- verify_valid_User_invalid_Password_login -->
  <testcase classname="com.TestCases.VerifyUserLoginTest" name="verify_invalid_User_invalid_password_login" time="0.0">
    <ignored/>
  </testcase> <!-- verify_invalid_User_invalid_password_login -->
  <testcase classname="com.Base.BaseClass.BaseClass" name="@BeforeSuite loadingfiles" time="0.0">
    <ignored/>
  </testcase> <!-- @BeforeSuite loadingfiles -->
  <testcase classname="com.Base.BaseClass.BaseClass" name="@AfterSuite Teardown" time="0.0">
    <ignored/>
  </testcase> <!-- @AfterSuite Teardown -->
  <testcase classname="com.Base.BaseClass.BaseClass" name="@AfterSuite Teardown" time="0.0">
    <ignored/>
  </testcase> <!-- @AfterSuite Teardown -->
  <testcase classname="com.TestCases.VerifyUserLoginTest" name="verify_invalid_User_valid_password_login" time="0.0">
    <ignored/>
  </testcase> <!-- verify_invalid_User_valid_password_login -->
  <testcase classname="com.TestCases.VerifyAddProductTest" name="verify_print_menu" time="0.0">
    <ignored/>
  </testcase> <!-- verify_print_menu -->
</testsuite> <!-- RegressionTest -->
