<?xml version="1.0" encoding="UTF-8"?>
<!-- Generated by org.testng.reporters.JUnitXMLReporter -->
<testsuite ignored="2" hostname="lap1154" failures="0" tests="1" name="SmokeTest" time="537.993" errors="0" timestamp="2023-03-29T06:25:32 IST">
  <testcase classname="com.TestCases.VerifyHomepageTest" name="verify_language_selection" time="248.186"/>
  <testcase classname="com.TestCases.VerifyHomepageTest" name="verify_logged_user_name" time="0.0">
    <ignored/>
  </testcase> <!-- verify_logged_user_name -->
  <testcase classname="com.TestCases.VerifyHomepageTest" name="verify_home_menu_elements" time="0.0">
    <ignored/>
  </testcase> <!-- verify_home_menu_elements -->
</testsuite> <!-- SmokeTest -->
