<?xml version="1.0" encoding="UTF-8"?>
<!-- Generated by org.testng.reporters.JUnitXMLReporter -->
<testsuite ignored="26" hostname="lap1154" failures="0" tests="34" name="TestAll" time="369.665" errors="0" timestamp="2023-03-23T04:29:37 IST">
  <testcase classname="com.TestCases.VerifyUserLoginTest" name="verify_invalid_User_invalid_password_login" time="1.466"/>
  <testcase classname="com.TestCases.VerifyUserLoginTest" name="verify_invalid_User_valid_password_login" time="1.088"/>
  <testcase classname="com.TestCases.VerifyHomepageTest" name="verify_logged_user_name" time="2.693"/>
  <testcase classname="com.TestCases.VerifyHomepageTest" name="verify_home_menu_elements" time="2.0"/>
  <testcase classname="com.TestCases.VerifyHomepageTest" name="verify_language_selection" time="15.389">
    <skipped/>
  </testcase> <!-- verify_language_selection -->
  <testcase classname="com.TestCases.VerifyHomepageTest" name="verify_language_selection" time="3.87"/>
  <testcase classname="com.TestCases.VerifyAddProductTest" name="verify_add_product" time="9.065"/>
  <testcase classname="com.TestCases.VerifyAddProductTest" name="verify_file_download" time="5.28"/>
  <testcase classname="com.TestCases.VerifyAddProductTest" name="verify_file_upload" time="7.173"/>
  <testcase classname="com.TestCases.VerifyAddProductTest" name="verify_print_menu" time="14.811"/>
  <testcase classname="com.TestCases.VerifyStoreTest" name="verify_sort_store_name_descending_order" time="3.095"/>
  <testcase classname="com.TestCases.VerifyStoreTest" name="verify_sort_store_name_ascending_order" time="3.45"/>
  <testcase classname="com.TestCases.VerifyStoreTest" name="verify_add_store" time="5.323"/>
  <testcase classname="com.TestCases.VerifyStoreTest" name="verify_edit_store" time="30.427">
    <skipped/>
  </testcase> <!-- verify_edit_store -->
  <testcase classname="com.TestCases.VerifyStoreTest" name="verify_edit_store" time="5.546"/>
  <testcase classname="com.TestCases.VerifyStoreTest" name="verify_delete_store" time="4.385"/>
  <testcase classname="com.TestCases.VerifyStoreTest" name="verify_sort_store_coulmns" time="2.915"/>
  <testcase classname="com.TestCases.VerifyStoreTest" name="verify_show_dropdown" time="2.991"/>
  <testcase classname="com.TestCases.VerifyStoreTest" name="verify_store_search" time="3.223"/>
  <testcase classname="com.TestCases.VerifyStoreTest" name="verify_storepage_pagination" time="3.303"/>
  <testcase classname="com.TestCases.VerifyStoreManageTest" name="verify_add_store_zone" time="5.239"/>
  <testcase classname="com.TestCases.VerifyStoreManageTest" name="verify_edit_store_zone" time="5.091"/>
  <testcase classname="com.TestCases.VerifyStoreManageTest" name="verify_delete_store_zone" time="4.249"/>
  <testcase classname="com.TestCases.VerifyStoreManageTest" name="verify_add_store_table" time="20.166"/>
  <testcase classname="com.TestCases.VerifyStoreManageTest" name="verify_edit_store_table" time="5.775"/>
  <testcase classname="com.TestCases.VerifyStoreManageTest" name="verify_delete_store_table" time="23.768"/>
  <testcase classname="com.TestCases.VerifyCategoryTest" name="verify_add_product_category" time="4.428"/>
  <testcase classname="com.TestCases.VerifyCategoryTest" name="verify_add_expense_category" time="4.148"/>
  <testcase classname="com.TestCases.VerifyAddExpenseTest" name="verify_expense_addition" time="4.829"/>
  <testcase classname="com.TestCases.VerifyPeopleTest" name="verify_add_supplier" time="5.073"/>
  <testcase classname="com.TestCases.VerifyPeopleTest" name="verify_add_waiter" time="5.533"/>
  <testcase classname="com.TestCases.VerifyPeopleTest" name="verify_add_customer" time="5.114"/>
  <testcase classname="com.TestCases.VerifySettingsTest" name="verify_add_new_user" time="5.868"/>
  <testcase classname="com.TestCases.VerifySettingsTest" name="verify_add_new_warehouse" time="5.8"/>
  <testcase classname="com.Base.BaseClass.BaseClass" name="@AfterSuite Teardown" time="0.0">
    <ignored/>
  </testcase> <!-- @AfterSuite Teardown -->
  <testcase classname="com.Base.BaseClass.BaseClass" name="@AfterSuite Teardown" time="0.0">
    <ignored/>
  </testcase> <!-- @AfterSuite Teardown -->
  <testcase classname="com.Base.BaseClass.BaseClass" name="@AfterSuite Teardown" time="0.0">
    <ignored/>
  </testcase> <!-- @AfterSuite Teardown -->
  <testcase classname="com.Base.BaseClass.BaseClass" name="@BeforeTest loadConfig" time="0.0">
    <ignored/>
  </testcase> <!-- @BeforeTest loadConfig -->
  <testcase classname="com.Base.BaseClass.BaseClass" name="@BeforeSuite loadingfiles" time="0.0">
    <ignored/>
  </testcase> <!-- @BeforeSuite loadingfiles -->
  <testcase classname="com.Base.BaseClass.BaseClass" name="@BeforeSuite loadingfiles" time="0.0">
    <ignored/>
  </testcase> <!-- @BeforeSuite loadingfiles -->
  <testcase classname="com.Base.BaseClass.BaseClass" name="@BeforeTest loadConfig" time="0.0">
    <ignored/>
  </testcase> <!-- @BeforeTest loadConfig -->
  <testcase classname="com.Base.BaseClass.BaseClass" name="@BeforeSuite loadingfiles" time="0.0">
    <ignored/>
  </testcase> <!-- @BeforeSuite loadingfiles -->
  <testcase classname="com.Base.BaseClass.BaseClass" name="@AfterSuite Teardown" time="0.0">
    <ignored/>
  </testcase> <!-- @AfterSuite Teardown -->
  <testcase classname="com.Base.BaseClass.BaseClass" name="@AfterSuite Teardown" time="0.0">
    <ignored/>
  </testcase> <!-- @AfterSuite Teardown -->
  <testcase classname="com.TestCases.VerifyUserLoginTest" name="verify_valid_User_invalid_Password_login" time="0.0">
    <ignored/>
  </testcase> <!-- verify_valid_User_invalid_Password_login -->
  <testcase classname="com.Base.BaseClass.BaseClass" name="@BeforeSuite loadingfiles" time="0.0">
    <ignored/>
  </testcase> <!-- @BeforeSuite loadingfiles -->
  <testcase classname="com.Base.BaseClass.BaseClass" name="@BeforeSuite loadingfiles" time="0.0">
    <ignored/>
  </testcase> <!-- @BeforeSuite loadingfiles -->
  <testcase classname="com.Base.BaseClass.BaseClass" name="@BeforeSuite loadingfiles" time="0.0">
    <ignored/>
  </testcase> <!-- @BeforeSuite loadingfiles -->
  <testcase classname="com.Base.BaseClass.BaseClass" name="@AfterSuite Teardown" time="0.0">
    <ignored/>
  </testcase> <!-- @AfterSuite Teardown -->
  <testcase classname="com.TestCases.VerifyUserLoginTest" name="verify_valid_User_Login" time="0.0">
    <ignored/>
  </testcase> <!-- verify_valid_User_Login -->
  <testcase classname="com.Base.BaseClass.BaseClass" name="@BeforeTest loadConfig" time="0.0">
    <ignored/>
  </testcase> <!-- @BeforeTest loadConfig -->
  <testcase classname="com.Base.BaseClass.BaseClass" name="@AfterSuite Teardown" time="0.0">
    <ignored/>
  </testcase> <!-- @AfterSuite Teardown -->
  <testcase classname="com.Base.BaseClass.BaseClass" name="@BeforeTest loadConfig" time="0.0">
    <ignored/>
  </testcase> <!-- @BeforeTest loadConfig -->
  <testcase classname="com.Base.BaseClass.BaseClass" name="@BeforeTest loadConfig" time="0.0">
    <ignored/>
  </testcase> <!-- @BeforeTest loadConfig -->
  <testcase classname="com.Base.BaseClass.BaseClass" name="@BeforeTest loadConfig" time="0.0">
    <ignored/>
  </testcase> <!-- @BeforeTest loadConfig -->
  <testcase classname="com.Base.BaseClass.BaseClass" name="@BeforeSuite loadingfiles" time="0.0">
    <ignored/>
  </testcase> <!-- @BeforeSuite loadingfiles -->
  <testcase classname="com.Base.BaseClass.BaseClass" name="@AfterSuite Teardown" time="0.0">
    <ignored/>
  </testcase> <!-- @AfterSuite Teardown -->
  <testcase classname="com.Base.BaseClass.BaseClass" name="@BeforeTest loadConfig" time="0.0">
    <ignored/>
  </testcase> <!-- @BeforeTest loadConfig -->
  <testcase classname="com.Base.BaseClass.BaseClass" name="@BeforeSuite loadingfiles" time="0.0">
    <ignored/>
  </testcase> <!-- @BeforeSuite loadingfiles -->
  <testcase classname="com.Base.BaseClass.BaseClass" name="@BeforeTest loadConfig" time="0.0">
    <ignored/>
  </testcase> <!-- @BeforeTest loadConfig -->
</testsuite> <!-- TestAll -->
