<?xml version="1.0" encoding="UTF-8"?>
<!-- Generated by org.testng.reporters.JUnitXMLReporter -->
<testsuite ignored="24" hostname="lap1154" failures="0" tests="34" name="Test" time="358.174" errors="0" timestamp="2023-03-14T21:03:59 IST">
  <testcase classname="com.TestCases.VerifyUserLoginTest" name="verify_invalid_User_invalid_password_login" time="1.935"/>
  <testcase classname="com.TestCases.VerifyUserLoginTest" name="verify_invalid_User_valid_password_login" time="1.454"/>
  <testcase classname="com.TestCases.VerifyUserLoginTest" name="verify_valid_User_invalid_Password_login" time="1.254"/>
  <testcase classname="com.TestCases.VerifyUserLoginTest" name="verify_valid_User_invalid_Password_login" time="1.358"/>
  <testcase classname="com.TestCases.VerifyUserLoginTest" name="verify_valid_User_Login" time="2.791"/>
  <testcase classname="com.TestCases.VerifyHomepageTest" name="verify_logged_user_name" time="1.663"/>
  <testcase classname="com.TestCases.VerifyHomepageTest" name="verify_home_menu_elements" time="2.104"/>
  <testcase classname="com.TestCases.VerifyHomepageTest" name="verify_language_selection" time="2.538"/>
  <testcase classname="com.TestCases.VerifyStoreTest" name="verify_sort_store_name_descending_order" time="43.931"/>
  <testcase classname="com.TestCases.VerifyStoreTest" name="verify_add_store" time="5.842"/>
  <testcase classname="com.TestCases.VerifyStoreTest" name="verify_edit_store" time="5.521"/>
  <testcase classname="com.TestCases.VerifyStoreTest" name="verify_delete_store" time="3.914"/>
  <testcase classname="com.TestCases.VerifyStoreTest" name="verify_sort_store_coulmns" time="2.913"/>
  <testcase classname="com.TestCases.VerifyStoreTest" name="verify_show_dropdown" time="2.764"/>
  <testcase classname="com.TestCases.VerifyStoreTest" name="verify_store_search" time="3.205"/>
  <testcase classname="com.TestCases.VerifyStoreTest" name="verify_storepage_pagination" time="3.286"/>
  <testcase classname="com.TestCases.VerifyStoreManageTest" name="verify_add_store_zone" time="4.684"/>
  <testcase classname="com.TestCases.VerifyStoreManageTest" name="verify_edit_store_zone" time="4.825"/>
  <testcase classname="com.TestCases.VerifyStoreManageTest" name="verify_delete_store_zone" time="4.026"/>
  <testcase classname="com.TestCases.VerifyStoreManageTest" name="verify_add_store_table" time="4.778"/>
  <testcase classname="com.TestCases.VerifyStoreManageTest" name="verify_edit_store_table" time="6.416"/>
  <testcase classname="com.TestCases.VerifyStoreManageTest" name="verify_delete_store_table" time="4.483"/>
  <testcase classname="com.TestCases.VerifyAddProductTest" name="verify_add_product" time="9.03"/>
  <testcase classname="com.TestCases.VerifyAddProductTest" name="verify_file_download" time="4.789"/>
  <testcase classname="com.TestCases.VerifyAddProductTest" name="verify_file_upload" time="6.63"/>
  <testcase classname="com.TestCases.VerifyAddProductTest" name="verify_print_menu" time="14.78"/>
  <testcase classname="com.TestCases.VerifyPeopleTest" name="verify_add_supplier" time="4.655"/>
  <testcase classname="com.TestCases.VerifyPeopleTest" name="verify_add_waiter" time="4.777"/>
  <testcase classname="com.TestCases.VerifyPeopleTest" name="verify_add_customer" time="5.033"/>
  <testcase classname="com.TestCases.VerifyAddExpenseTest" name="verify_expense_addition" time="64.481"/>
  <testcase classname="com.TestCases.VerifyCategoryTest" name="verify_add_product_category" time="3.965"/>
  <testcase classname="com.TestCases.VerifyCategoryTest" name="verify_add_expense_category" time="4.867"/>
  <testcase classname="com.TestCases.VerifySettingsTest" name="verify_add_new_user" time="8.309"/>
  <testcase classname="com.TestCases.VerifySettingsTest" name="verify_add_new_warehouse" time="4.946"/>
  <testcase classname="com.Base.BaseClass.BaseClass" name="@BeforeSuite loadingfiles" time="0.0">
    <ignored/>
  </testcase> <!-- @BeforeSuite loadingfiles -->
  <testcase classname="com.Base.BaseClass.BaseClass" name="@AfterSuite Teardown" time="0.0">
    <ignored/>
  </testcase> <!-- @AfterSuite Teardown -->
  <testcase classname="com.Base.BaseClass.BaseClass" name="@BeforeTest loadConfig" time="0.0">
    <ignored/>
  </testcase> <!-- @BeforeTest loadConfig -->
  <testcase classname="com.Base.BaseClass.BaseClass" name="@BeforeSuite loadingfiles" time="0.0">
    <ignored/>
  </testcase> <!-- @BeforeSuite loadingfiles -->
  <testcase classname="com.Base.BaseClass.BaseClass" name="@AfterSuite Teardown" time="0.0">
    <ignored/>
  </testcase> <!-- @AfterSuite Teardown -->
  <testcase classname="com.Base.BaseClass.BaseClass" name="@BeforeSuite loadingfiles" time="0.0">
    <ignored/>
  </testcase> <!-- @BeforeSuite loadingfiles -->
  <testcase classname="com.Base.BaseClass.BaseClass" name="@BeforeSuite loadingfiles" time="0.0">
    <ignored/>
  </testcase> <!-- @BeforeSuite loadingfiles -->
  <testcase classname="com.Base.BaseClass.BaseClass" name="@BeforeTest loadConfig" time="0.0">
    <ignored/>
  </testcase> <!-- @BeforeTest loadConfig -->
  <testcase classname="com.Base.BaseClass.BaseClass" name="@BeforeTest loadConfig" time="0.0">
    <ignored/>
  </testcase> <!-- @BeforeTest loadConfig -->
  <testcase classname="com.Base.BaseClass.BaseClass" name="@BeforeSuite loadingfiles" time="0.0">
    <ignored/>
  </testcase> <!-- @BeforeSuite loadingfiles -->
  <testcase classname="com.Base.BaseClass.BaseClass" name="@AfterSuite Teardown" time="0.0">
    <ignored/>
  </testcase> <!-- @AfterSuite Teardown -->
  <testcase classname="com.Base.BaseClass.BaseClass" name="@BeforeSuite loadingfiles" time="0.0">
    <ignored/>
  </testcase> <!-- @BeforeSuite loadingfiles -->
  <testcase classname="com.Base.BaseClass.BaseClass" name="@BeforeTest loadConfig" time="0.0">
    <ignored/>
  </testcase> <!-- @BeforeTest loadConfig -->
  <testcase classname="com.Base.BaseClass.BaseClass" name="@BeforeTest loadConfig" time="0.0">
    <ignored/>
  </testcase> <!-- @BeforeTest loadConfig -->
  <testcase classname="com.Base.BaseClass.BaseClass" name="@BeforeTest loadConfig" time="0.0">
    <ignored/>
  </testcase> <!-- @BeforeTest loadConfig -->
  <testcase classname="com.Base.BaseClass.BaseClass" name="@AfterSuite Teardown" time="0.0">
    <ignored/>
  </testcase> <!-- @AfterSuite Teardown -->
  <testcase classname="com.Base.BaseClass.BaseClass" name="@BeforeSuite loadingfiles" time="0.0">
    <ignored/>
  </testcase> <!-- @BeforeSuite loadingfiles -->
  <testcase classname="com.Base.BaseClass.BaseClass" name="@BeforeTest loadConfig" time="0.0">
    <ignored/>
  </testcase> <!-- @BeforeTest loadConfig -->
  <testcase classname="com.Base.BaseClass.BaseClass" name="@AfterSuite Teardown" time="0.0">
    <ignored/>
  </testcase> <!-- @AfterSuite Teardown -->
  <testcase classname="com.Base.BaseClass.BaseClass" name="@BeforeTest loadConfig" time="0.0">
    <ignored/>
  </testcase> <!-- @BeforeTest loadConfig -->
  <testcase classname="com.Base.BaseClass.BaseClass" name="@AfterSuite Teardown" time="0.0">
    <ignored/>
  </testcase> <!-- @AfterSuite Teardown -->
  <testcase classname="com.Base.BaseClass.BaseClass" name="@AfterSuite Teardown" time="0.0">
    <ignored/>
  </testcase> <!-- @AfterSuite Teardown -->
  <testcase classname="com.Base.BaseClass.BaseClass" name="@BeforeSuite loadingfiles" time="0.0">
    <ignored/>
  </testcase> <!-- @BeforeSuite loadingfiles -->
  <testcase classname="com.Base.BaseClass.BaseClass" name="@AfterSuite Teardown" time="0.0">
    <ignored/>
  </testcase> <!-- @AfterSuite Teardown -->
</testsuite> <!-- Test -->
